Build started 29/03/2018 10:28:41.
     1>Project "E:\collage\HND\Programing\PROJECTS\Thomas Was Late\Thomas-Was-late\Thomas Was Late\Thomas Was Late.vcxproj" on node 2 (Build target(s)).
     1>ClCompile:
         C:\Program Files (x86)\Microsoft Visual Studio 14.0\VC\bin\CL.exe /c /I"SFML-2.4.2\include" /ZI /nologo /W3 /WX- /sdl /Od /Oy- /D WIN32 /D _DEBUG /D _CONSOLE /D _UNICODE /D UNICODE /Gm /EHsc /RTC1 /MDd /GS /fp:precise /Zc:wchar_t /Zc:forScope /Zc:inline /Yu"stdafx.h" /Fp"Debug\Thomas Was Late.pch" /Fo"Debug\\" /Fd"Debug\vc140.pdb" /Gd /TP /analyze- /errorReport:prompt Input.cpp
         Input.cpp
     1>e:\collage\hnd\programing\projects\thomas was late\thomas-was-late\thomas was late\input.cpp(42): error C2660: 'SoundManager::playFire': function does not take 0 arguments
     1>Done Building Project "E:\collage\HND\Programing\PROJECTS\Thomas Was Late\Thomas-Was-late\Thomas Was Late\Thomas Was Late.vcxproj" (Build target(s)) -- FAILED.

Build FAILED.

Time Elapsed 00:00:00.49
